Using device: cuda
======================================================================
ABLATION STUDY: Finding minimal intervention that affects learning
======================================================================
Seed: 42

======================================================================
STARTING FROM CHECKPOINT: Step 7000
======================================================================

  freeze_middle_layers:
/workspace/grokking-phases/grokking_ablation.py:201: FutureWarning: You are using `torch.load` with `weights_only=False` (the current default value), which uses the default pickle module implicitly. It is possible to construct malicious pickle data which will execute arbitrary code during unpickling (See https://github.com/pytorch/pytorch/blob/main/SECURITY.md#untrusted-models for more details). In a future release, the default value for `weights_only` will be flipped to `True`. This limits the functions that could be executed during unpickling. Arbitrary objects will no longer be allowed to be loaded via this mode unless they are explicitly allowlisted by the user via `torch.serialization.add_safe_globals`. We recommend you start setting `weights_only=True` for any use case where you don't have full control of the loaded file. Please open an issue on GitHub for any issues related to this experimental feature.
  all_ckpts = torch.load(checkpoint_path, map_location=DEVICE)
    [trainable: 424,192/820,736] Training 30000 steps...
      Step 7000: train=1.000, test=0.059
      Step 9000: train=1.000, test=0.043
      Step 11000: train=1.000, test=0.043
      Step 13000: train=1.000, test=0.047
      Step 15000: train=1.000, test=0.055
      Step 17000: train=1.000, test=0.059
      Step 19000: train=1.000, test=0.094
      Step 21000: train=1.000, test=0.105
      Step 23000: train=1.000, test=0.102
      Step 25000: train=1.000, test=0.125
      Step 27000: train=1.000, test=0.137
      Step 29000: train=1.000, test=0.172
      Step 31000: train=1.000, test=0.223
      Step 33000: train=1.000, test=0.320
      Step 35000: train=1.000, test=0.371
    → 0.059 → 0.496 (Δ=+0.438) [IMPROVING]

======================================================================
FINAL COMPARISON TABLE
======================================================================

Intervention           Ckpt 7000                      Ckpt 11000                    
                       init→final (Δ) [trend]         init→final (Δ) [trend]        
----------------------------------------------------------------------------------
freeze_middle_layers   0.06→0.50 (+0.44) [IMPR]       N/A                           

======================================================================
BASELINE COMPARISON: Step 7000 vs Step 11000
======================================================================
Traceback (most recent call last):
  File "/workspace/grokking-phases/grokking_ablation.py", line 410, in <module>
    main()
  File "/workspace/grokking-phases/grokking_ablation.py", line 378, in main
    baseline_7k = [r for r in all_results if r['intervention'] == 'baseline' and r['checkpoint'] == 7000][0]
                  ~~~~~~~~~~~~~~~~~~~~~~~~~~~~~~~~~~~~~~~~~~~~~~~~~~~~~~~~~~~~~~~~~~~~~~~~~~~~~~~~~~~~~~~^^^
IndexError: list index out of range
