Using device: cuda
======================================================================
ABLATION STUDY: Finding minimal intervention that affects learning
======================================================================
Seed: 42

======================================================================
STARTING FROM CHECKPOINT: Step 8000
======================================================================

  freeze_mlp_all:
/workspace/grokking-phases/grokking_ablation.py:201: FutureWarning: You are using `torch.load` with `weights_only=False` (the current default value), which uses the default pickle module implicitly. It is possible to construct malicious pickle data which will execute arbitrary code during unpickling (See https://github.com/pytorch/pytorch/blob/main/SECURITY.md#untrusted-models for more details). In a future release, the default value for `weights_only` will be flipped to `True`. This limits the functions that could be executed during unpickling. Arbitrary objects will no longer be allowed to be loaded via this mode unless they are explicitly allowlisted by the user via `torch.serialization.add_safe_globals`. We recommend you start setting `weights_only=True` for any use case where you don't have full control of the loaded file. Please open an issue on GitHub for any issues related to this experimental feature.
  all_ckpts = torch.load(checkpoint_path, map_location=DEVICE)
    [trainable: 292,864/820,736] Training 30000 steps...
      Step 8000: train=1.000, test=0.051
      Step 10000: train=1.000, test=0.066
      Step 12000: train=1.000, test=0.078
      Step 14000: train=1.000, test=0.098
      Step 16000: train=1.000, test=0.141
      Step 18000: train=1.000, test=0.141
      Step 20000: train=1.000, test=0.148
      Step 22000: train=1.000, test=0.242
      Step 24000: train=1.000, test=0.324
      Step 26000: train=1.000, test=0.383
      Step 28000: train=1.000, test=0.516
      Step 30000: train=1.000, test=0.719
      Step 32000: train=1.000, test=0.797
      Step 34000: train=1.000, test=0.891
      Step 36000: train=1.000, test=0.953
    → 0.051 → 0.988 (Δ=+0.938) [IMPROVING]

======================================================================
FINAL COMPARISON TABLE
======================================================================

Intervention           Ckpt 7000                      Ckpt 11000                    
                       init→final (Δ) [trend]         init→final (Δ) [trend]        
----------------------------------------------------------------------------------
freeze_mlp_all         N/A                            N/A                           

======================================================================
BASELINE COMPARISON: Step 7000 vs Step 11000
======================================================================
Traceback (most recent call last):
  File "/workspace/grokking-phases/grokking_ablation.py", line 410, in <module>
    main()
  File "/workspace/grokking-phases/grokking_ablation.py", line 378, in main
    baseline_7k = [r for r in all_results if r['intervention'] == 'baseline' and r['checkpoint'] == 7000][0]
                  ~~~~~~~~~~~~~~~~~~~~~~~~~~~~~~~~~~~~~~~~~~~~~~~~~~~~~~~~~~~~~~~~~~~~~~~~~~~~~~~~~~~~~~~^^^
IndexError: list index out of range
